Translation Log - 2026-06-30 16:17:37
================================================================================

[skipped] curriculum/i18n-curriculum/curriculum/challenges/swahili/blocks/workshop-recipe-tracker
  Folder not found
[skipped] curriculum/i18n-curriculum/curriculum/challenges/swahili/blocks/workshop-registration-form
  Folder not found
[skipped] curriculum/i18n-curriculum/curriculum/challenges/swahili/blocks/workshop-report-card-printer
  Folder not found
[skipped] curriculum/i18n-curriculum/curriculum/challenges/swahili/blocks/workshop-reusable-mega-navbar
  Folder not found
[skipped] curriculum/i18n-curriculum/curriculum/challenges/swahili/blocks/workshop-reusable-profile-card-component
  Folder not found
[skipped] curriculum/i18n-curriculum/curriculum/challenges/swahili/blocks/workshop-rothko-painting
  Folder not found
[skipped] curriculum/i18n-curriculum/curriculum/challenges/swahili/blocks/workshop-rps-game
  Folder not found
[skipped] curriculum/i18n-curriculum/curriculum/challenges/swahili/blocks/workshop-salary-tracker
  Folder not found
[skipped] curriculum/i18n-curriculum/curriculum/challenges/swahili/blocks/workshop-sentence-analyzer
  Folder not found
[skipped] curriculum/i18n-curriculum/curriculum/challenges/swahili/blocks/workshop-shape-manager
  Folder not found
[skipped] curriculum/i18n-curriculum/curriculum/challenges/swahili/blocks/workshop-shopping-cart
  Folder not found
[skipped] curriculum/i18n-curriculum/curriculum/challenges/swahili/blocks/workshop-shopping-list
  Folder not found
[skipped] curriculum/i18n-curriculum/curriculum/challenges/swahili/blocks/workshop-shopping-list-app
  Folder not found
[skipped] curriculum/i18n-curriculum/curriculum/challenges/swahili/blocks/workshop-shortest-path-algorithm
  Folder not found
[skipped] curriculum/i18n-curriculum/curriculum/challenges/swahili/blocks/workshop-shortest-path-algorithm-js
  Folder not found
[skipped] curriculum/i18n-curriculum/curriculum/challenges/swahili/blocks/workshop-space-mission-roster
  Folder not found
[skipped] curriculum/i18n-curriculum/curriculum/challenges/swahili/blocks/workshop-spam-filter
  Folder not found
[skipped] curriculum/i18n-curriculum/curriculum/challenges/swahili/blocks/workshop-sql-reference-object
  Folder not found
[skipped] curriculum/i18n-curriculum/curriculum/challenges/swahili/blocks/workshop-sql-student-database-part-1
  Folder not found
[skipped] curriculum/i18n-curriculum/curriculum/challenges/swahili/blocks/workshop-sql-student-database-part-2
  Folder not found
[skipped] curriculum/i18n-curriculum/curriculum/challenges/swahili/blocks/workshop-storytelling-app
  Folder not found
[skipped] curriculum/i18n-curriculum/curriculum/challenges/swahili/blocks/workshop-string-formatter
  Folder not found
[skipped] curriculum/i18n-curriculum/curriculum/challenges/swahili/blocks/workshop-string-inspector
  Folder not found
[skipped] curriculum/i18n-curriculum/curriculum/challenges/swahili/blocks/workshop-string-transformer
  Folder not found
[skipped] curriculum/i18n-curriculum/curriculum/challenges/swahili/blocks/workshop-superhero-application-form
  Folder not found
[skipped] curriculum/i18n-curriculum/curriculum/challenges/swahili/blocks/workshop-tailwind-cta-component
  Folder not found
[skipped] curriculum/i18n-curriculum/curriculum/challenges/swahili/blocks/workshop-tailwind-pricing-component
  Folder not found
[skipped] curriculum/i18n-curriculum/curriculum/challenges/swahili/blocks/workshop-teacher-chatbot
  Folder not found
[skipped] curriculum/i18n-curriculum/curriculum/challenges/swahili/blocks/workshop-tech-conference-schedule
  Folder not found
[skipped] curriculum/i18n-curriculum/curriculum/challenges/swahili/blocks/workshop-todo-app
  Folder not found
[skipped] curriculum/i18n-curriculum/curriculum/challenges/swahili/blocks/workshop-toggle-text-app
  Folder not found
[skipped] curriculum/i18n-curriculum/curriculum/challenges/swahili/blocks/workshop-type-safe-math-toolkit
  Folder not found
[skipped] curriculum/i18n-curriculum/curriculum/challenges/swahili/blocks/workshop-type-safe-user-profile
  Folder not found
[skipped] curriculum/i18n-curriculum/curriculum/challenges/swahili/blocks/workshop-websockets-by-building-a-resource-monitor
  Folder not found
[skipped] curriculum/i18n-curriculum/curriculum/challenges/swahili/blocks/workshop-wildlife-tracker
  Folder not found
[skipped] curriculum/i18n-curriculum/curriculum/challenges/swahili/blocks/workshop-word-counter
  Folder not found
[skipped] curriculum/i18n-curriculum/curriculum/challenges/swahili/blocks/write-your-first-code-using-c-sharp
  Folder not found
[skipped] curriculum/i18n-curriculum/curriculum/challenges/swahili/blocks/zh-a1-learn-can-or-cannot
  Folder not found
[skipped] curriculum/i18n-curriculum/curriculum/challenges/swahili/blocks/zh-a1-learn-certification-introduction
  Folder not found
[skipped] curriculum/i18n-curriculum/curriculum/challenges/swahili/blocks/zh-a1-learn-compound-finals
  Folder not found
[skipped] curriculum/i18n-curriculum/curriculum/challenges/swahili/blocks/zh-a1-learn-initials
  Folder not found
[skipped] curriculum/i18n-curriculum/curriculum/challenges/swahili/blocks/zh-a1-learn-my-family
  Folder not found
[skipped] curriculum/i18n-curriculum/curriculum/challenges/swahili/blocks/zh-a1-learn-nasal-finals
  Folder not found
[skipped] curriculum/i18n-curriculum/curriculum/challenges/swahili/blocks/zh-a1-learn-numbers-0-to-10
  Folder not found
[skipped] curriculum/i18n-curriculum/curriculum/challenges/swahili/blocks/zh-a1-learn-numbers-11-to-19
  Folder not found
[skipped] curriculum/i18n-curriculum/curriculum/challenges/swahili/blocks/zh-a1-learn-numbers-20-to-99
  Folder not found
[skipped] curriculum/i18n-curriculum/curriculum/challenges/swahili/blocks/zh-a1-learn-simple-finals
  Folder not found
[skipped] curriculum/i18n-curriculum/curriculum/challenges/swahili/blocks/zh-a1-learn-special-spelling-rules
  Folder not found
[skipped] curriculum/i18n-curriculum/curriculum/challenges/swahili/blocks/zh-a1-learn-understanding-greetings-and-introductions
  Folder not found
[skipped] curriculum/i18n-curriculum/curriculum/challenges/swahili/blocks/zh-a1-learn-understanding-questions-and-answers
  Folder not found
[skipped] curriculum/i18n-curriculum/curriculum/challenges/swahili/blocks/zh-a1-learn-who-can-do-what-on-the-team
  Folder not found
[skipped] curriculum/i18n-curriculum/curriculum/challenges/swahili/blocks/zh-a1-practice-exchanging-basic-information
  Folder not found
[skipped] curriculum/i18n-curriculum/curriculum/challenges/swahili/blocks/zh-a1-practice-introducing-yourself
  Folder not found
[skipped] curriculum/i18n-curriculum/curriculum/challenges/swahili/blocks/zh-a1-practice-numbers-0-to-10
  Folder not found
[skipped] curriculum/i18n-curriculum/curriculum/challenges/swahili/blocks/zh-a1-practice-numbers-11-to-19
  Folder not found
[skipped] curriculum/i18n-curriculum/curriculum/challenges/swahili/blocks/zh-a1-practice-numbers-20-to-99
  Folder not found
[skipped] curriculum/i18n-curriculum/curriculum/challenges/swahili/blocks/zh-a1-practice-personal-skills
  Folder not found
[skipped] curriculum/i18n-curriculum/curriculum/challenges/swahili/blocks/zh-a1-practice-pinyin
  Folder not found
[skipped] curriculum/i18n-curriculum/curriculum/challenges/swahili/blocks/zh-a1-practice-talking-about-skills
  Folder not found
[skipped] curriculum/i18n-curriculum/curriculum/challenges/swahili/blocks/zh-a1-quiz-describing-skills
  Folder not found
[skipped] curriculum/i18n-curriculum/curriculum/challenges/swahili/blocks/zh-a1-quiz-discussing-team-skills
  Folder not found
[skipped] curriculum/i18n-curriculum/curriculum/challenges/swahili/blocks/zh-a1-quiz-greetings-and-introductions
  Folder not found
[skipped] curriculum/i18n-curriculum/curriculum/challenges/swahili/blocks/zh-a1-quiz-introduction-questions
  Folder not found
[skipped] curriculum/i18n-curriculum/curriculum/challenges/swahili/blocks/zh-a1-quiz-numbers-below-100
  Folder not found
[skipped] curriculum/i18n-curriculum/curriculum/challenges/swahili/blocks/zh-a1-review-describing-skills
  Folder not found
[skipped] curriculum/i18n-curriculum/curriculum/challenges/swahili/blocks/zh-a1-review-discussing-team-skills
  Folder not found
[skipped] curriculum/i18n-curriculum/curriculum/challenges/swahili/blocks/zh-a1-review-greetings-and-introductions
  Folder not found
[skipped] curriculum/i18n-curriculum/curriculum/challenges/swahili/blocks/zh-a1-review-introduction-questions
  Folder not found
[skipped] curriculum/i18n-curriculum/curriculum/challenges/swahili/blocks/zh-a1-review-numbers-below-100
  Folder not found
[skipped] curriculum/i18n-curriculum/curriculum/challenges/swahili/blocks/zh-a1-review-team-introduction
  Folder not found
[skipped] curriculum/i18n-curriculum/curriculum/challenges/swahili/blocks/zh-a1-warm-up-greeting-new-colleagues
  Folder not found
[skipped] curriculum/i18n-curriculum/curriculum/challenges/swahili/blocks/zh-a1-warm-up-meeting-new-teammates
  Folder not found
[skipped] curriculum/i18n-curriculum/curriculum/challenges/swahili/blocks/zh-a1-warm-up-personal-skills-basics
  Folder not found
[skipped] curriculum/i18n-curriculum/curriculum/challenges/swahili/blocks/zh-a1-warm-up-team-skills-basics
  Folder not found
[skipped] curriculum/i18n-curriculum/curriculum/challenges/swahili/certifications
  Folder not found
